  [1m[36m (1.7ms)[0m  [1mCREATE TABLE "schema_migrations" ("version" varchar NOT NULL) [0m
  [1m[35m (0.1ms)[0m  select sqlite_version(*)
  [1m[36m (1.6ms)[0m  [1mCREATE UNIQUE INDEX "unique_schema_migrations" ON "schema_migrations" ("version")[0m
  [1m[35mActiveRecord::SchemaMigration Load (0.1ms)[0m  SELECT "schema_migrations".* FROM "schema_migrations"


Started GET "/" for ::1 at 2015-11-17 17:47:54 -0600
Processing by Rails::WelcomeController#index as HTML
  Rendered /Users/admin/.rvm/gems/ruby-2.1.2/gems/railties-4.2.3/lib/rails/templates/rails/welcome/index.html.erb (2.8ms)
Completed 200 OK in 27ms (Views: 19.4ms | ActiveRecord: 0.0ms)
  [1m[36mActiveRecord::SchemaMigration Load (0.1ms)[0m  [1mSELECT "schema_migrations".* FROM "schema_migrations"[0m
Migrating to CreateStudents (1)
  [1m[35m (0.1ms)[0m  begin transaction
  [1m[36m (0.4ms)[0m  [1mCREATE TABLE "students" ("id" INTEGER PRIMARY KEY AUTOINCREMENT NOT NULL, "first_name" varchar, "last_name" varchar, "created_at" datetime NOT NULL, "updated_at" datetime NOT NULL) [0m
  [1m[35mSQL (0.3ms)[0m  INSERT INTO "schema_migrations" ("version") VALUES (?)  [["version", "1"]]
  [1m[36m (1.4ms)[0m  [1mcommit transaction[0m
  [1m[35mActiveRecord::SchemaMigration Load (0.1ms)[0m  SELECT "schema_migrations".* FROM "schema_migrations"
  [1m[36m (0.1ms)[0m  [1mbegin transaction[0m
  [1m[35mSQL (0.3ms)[0m  INSERT INTO "students" ("first_name", "last_name", "created_at", "updated_at") VALUES (?, ?, ?, ?)  [["first_name", "Jordan"], ["last_name", "Hudgens"], ["created_at", "2015-11-18 00:10:55.545365"], ["updated_at", "2015-11-18 00:10:55.545365"]]
  [1m[36m (2.9ms)[0m  [1mcommit transaction[0m
  [1m[35mStudent Load (0.2ms)[0m  SELECT  "students".* FROM "students"  ORDER BY "students"."id" DESC LIMIT 1
  [1m[36m (0.1ms)[0m  [1mbegin transaction[0m
  [1m[35mSQL (0.3ms)[0m  INSERT INTO "students" ("created_at", "updated_at") VALUES (?, ?)  [["created_at", "2015-11-18 00:17:49.095449"], ["updated_at", "2015-11-18 00:17:49.095449"]]
  [1m[36m (1.2ms)[0m  [1mcommit transaction[0m
  [1m[35mStudent Load (0.2ms)[0m  SELECT  "students".* FROM "students"  ORDER BY "students"."id" DESC LIMIT 1
  [1m[36mActiveRecord::SchemaMigration Load (0.1ms)[0m  [1mSELECT "schema_migrations".* FROM "schema_migrations"[0m
  [1m[35mActiveRecord::SchemaMigration Load (0.1ms)[0m  SELECT "schema_migrations".* FROM "schema_migrations"


Started GET "/" for ::1 at 2015-11-18 13:36:42 -0600
  [1m[36mActiveRecord::SchemaMigration Load (0.1ms)[0m  [1mSELECT "schema_migrations".* FROM "schema_migrations"[0m
Processing by Rails::WelcomeController#index as HTML
  Rendered /Users/admin/.rvm/gems/ruby-2.1.2/gems/railties-4.2.3/lib/rails/templates/rails/welcome/index.html.erb (2.4ms)
Completed 200 OK in 39ms (Views: 24.5ms | ActiveRecord: 0.0ms)


Started GET "/" for ::1 at 2015-11-18 13:37:10 -0600
Processing by Rails::WelcomeController#index as HTML
  Rendered /Users/admin/.rvm/gems/ruby-2.1.2/gems/railties-4.2.3/lib/rails/templates/rails/welcome/index.html.erb (0.0ms)
Completed 200 OK in 1ms (Views: 0.7ms | ActiveRecord: 0.0ms)
  [1m[36mActiveRecord::SchemaMigration Load (0.5ms)[0m  [1mSELECT "schema_migrations".* FROM "schema_migrations"[0m
  [1m[35mActiveRecord::SchemaMigration Load (0.1ms)[0m  SELECT "schema_migrations".* FROM "schema_migrations"
  [1m[36mStudent Load (0.4ms)[0m  [1mSELECT  "students".* FROM "students"  ORDER BY "students"."id" DESC LIMIT 1[0m
  [1m[35mStudent Load (0.2ms)[0m  SELECT  "students".* FROM "students"  ORDER BY "students"."id" DESC LIMIT 1
  [1m[36m (0.1ms)[0m  [1mbegin transaction[0m
  [1m[35mSQL (0.6ms)[0m  DELETE FROM "students" WHERE "students"."id" = ?  [["id", 2]]
  [1m[36m (1.6ms)[0m  [1mcommit transaction[0m
  [1m[35mStudent Load (0.2ms)[0m  SELECT "students".* FROM "students"
  [1m[36mActiveRecord::SchemaMigration Load (0.1ms)[0m  [1mSELECT "schema_migrations".* FROM "schema_migrations"[0m
Migrating to CreateSchoolClasses (2)
  [1m[35m (0.0ms)[0m  begin transaction
  [1m[36m (0.1ms)[0m  [1mCREATE TABLE "students" ("id" INTEGER PRIMARY KEY AUTOINCREMENT NOT NULL, "title" varchar, "room_number" integer, "created_at" datetime NOT NULL, "updated_at" datetime NOT NULL) [0m
  [1m[35m (0.0ms)[0m  rollback transaction
  [1m[36mActiveRecord::SchemaMigration Load (0.1ms)[0m  [1mSELECT "schema_migrations".* FROM "schema_migrations"[0m
Migrating to CreateSchoolClasses (2)
  [1m[35m (0.0ms)[0m  begin transaction
  [1m[36m (0.3ms)[0m  [1mCREATE TABLE "school_classes" ("id" INTEGER PRIMARY KEY AUTOINCREMENT NOT NULL, "title" varchar, "room_number" integer, "created_at" datetime NOT NULL, "updated_at" datetime NOT NULL) [0m
  [1m[35mSQL (0.1ms)[0m  INSERT INTO "schema_migrations" ("version") VALUES (?)  [["version", "2"]]
  [1m[36m (0.9ms)[0m  [1mcommit transaction[0m
  [1m[35mActiveRecord::SchemaMigration Load (0.1ms)[0m  SELECT "schema_migrations".* FROM "schema_migrations"


Started GET "/" for ::1 at 2019-02-23 18:57:40 -0500
  [1m[36mActiveRecord::SchemaMigration Load (0.1ms)[0m  [1mSELECT "schema_migrations".* FROM "schema_migrations"[0m
Processing by Rails::WelcomeController#index as HTML
  Rendered /Users/danasevcik/.rvm/gems/ruby-2.3.3/gems/railties-4.2.11/lib/rails/templates/rails/welcome/index.html.erb (1.2ms)
Completed 200 OK in 16ms (Views: 8.9ms | ActiveRecord: 0.0ms)


Started GET "/students" for ::1 at 2019-02-23 18:57:46 -0500
Processing by StudentsController#index as HTML
  Rendered students/index.html.erb (0.2ms)
Completed 200 OK in 7ms (Views: 6.3ms | ActiveRecord: 0.0ms)


Started GET "/students/new" for ::1 at 2019-02-23 18:57:49 -0500
Processing by StudentsController#new as HTML
  Rendered students/new.html.erb (9.1ms)
Completed 200 OK in 18ms (Views: 13.0ms | ActiveRecord: 0.3ms)


Started POST "/students" for ::1 at 2019-02-23 18:59:41 -0500
Processing by StudentsController#create as HTML
  Parameters: {"utf8"=>"✓", "authenticity_token"=>"WUeOQJn4YrtbTpvot9NhH49tHWLceh3DyxFfNalXg6du4WBZe4n/zoipi3WmtL4wsg3kqH7Ahjq/TfUHbb8E+g==", "student"=>{"first_name"=>"dana", "last_name"=>"sevcik"}, "commit"=>"Create Student"}
  [1m[35m (0.1ms)[0m  begin transaction
  [1m[36mSQL (0.4ms)[0m  [1mINSERT INTO "students" ("first_name", "last_name", "created_at", "updated_at") VALUES (?, ?, ?, ?)[0m  [["first_name", "dana"], ["last_name", "sevcik"], ["created_at", "2019-02-23 23:59:41.262057"], ["updated_at", "2019-02-23 23:59:41.262057"]]
  [1m[35m (0.8ms)[0m  commit transaction
Redirected to http://localhost:3000/students/3
Completed 302 Found in 4ms (ActiveRecord: 1.3ms)


Started GET "/students/3" for ::1 at 2019-02-23 18:59:41 -0500
Processing by StudentsController#show as HTML
  Parameters: {"id"=>"3"}
  [1m[36mStudent Load (0.1ms)[0m  [1mSELECT  "students".* FROM "students" WHERE "students"."id" = ? LIMIT 1[0m  [["id", 3]]
  Rendered students/show.html.erb (5.7ms)
Completed 200 OK in 13ms (Views: 8.7ms | ActiveRecord: 0.1ms)


Started GET "/students/1" for ::1 at 2019-02-23 18:59:51 -0500
Processing by StudentsController#show as HTML
  Parameters: {"id"=>"1"}
  [1m[35mStudent Load (0.1ms)[0m  SELECT  "students".* FROM "students" WHERE "students"."id" = ? LIMIT 1  [["id", 1]]
  Rendered students/show.html.erb (0.1ms)
Completed 200 OK in 5ms (Views: 3.9ms | ActiveRecord: 0.1ms)


Started GET "/students/2" for ::1 at 2019-02-23 18:59:56 -0500
Processing by StudentsController#show as HTML
  Parameters: {"id"=>"2"}
  [1m[36mStudent Load (0.1ms)[0m  [1mSELECT  "students".* FROM "students" WHERE "students"."id" = ? LIMIT 1[0m  [["id", 2]]
Completed 404 Not Found in 1ms (ActiveRecord: 0.1ms)

ActiveRecord::RecordNotFound (Couldn't find Student with 'id'=2):
  app/controllers/students_controller.rb:14:in `show'


  Rendered /Users/danasevcik/.rvm/gems/ruby-2.3.3/gems/actionpack-4.2.11/lib/action_dispatch/middleware/templates/rescues/_source.erb (2.7ms)
  Rendered /Users/danasevcik/.rvm/gems/ruby-2.3.3/gems/actionpack-4.2.11/lib/action_dispatch/middleware/templates/rescues/_trace.html.erb (1.4ms)
  Rendered /Users/danasevcik/.rvm/gems/ruby-2.3.3/gems/actionpack-4.2.11/lib/action_dispatch/middleware/templates/rescues/_request_and_response.html.erb (0.9ms)
  Rendered /Users/danasevcik/.rvm/gems/ruby-2.3.3/gems/actionpack-4.2.11/lib/action_dispatch/middleware/templates/rescues/diagnostics.html.erb within rescues/layout (62.8ms)


Started GET "/students/4" for ::1 at 2019-02-23 19:00:01 -0500
Processing by StudentsController#show as HTML
  Parameters: {"id"=>"4"}
  [1m[35mStudent Load (0.1ms)[0m  SELECT  "students".* FROM "students" WHERE "students"."id" = ? LIMIT 1  [["id", 4]]
Completed 404 Not Found in 1ms (ActiveRecord: 0.1ms)

ActiveRecord::RecordNotFound (Couldn't find Student with 'id'=4):
  app/controllers/students_controller.rb:14:in `show'


  Rendered /Users/danasevcik/.rvm/gems/ruby-2.3.3/gems/actionpack-4.2.11/lib/action_dispatch/middleware/templates/rescues/_source.erb (3.1ms)
  Rendered /Users/danasevcik/.rvm/gems/ruby-2.3.3/gems/actionpack-4.2.11/lib/action_dispatch/middleware/templates/rescues/_trace.html.erb (1.4ms)
  Rendered /Users/danasevcik/.rvm/gems/ruby-2.3.3/gems/actionpack-4.2.11/lib/action_dispatch/middleware/templates/rescues/_request_and_response.html.erb (0.9ms)
  Rendered /Users/danasevcik/.rvm/gems/ruby-2.3.3/gems/actionpack-4.2.11/lib/action_dispatch/middleware/templates/rescues/diagnostics.html.erb within rescues/layout (56.0ms)


Started GET "/students/new" for ::1 at 2019-02-23 19:00:06 -0500
Processing by StudentsController#new as HTML
  Rendered students/new.html.erb (1.0ms)
Completed 200 OK in 6ms (Views: 5.3ms | ActiveRecord: 0.0ms)


Started POST "/students" for ::1 at 2019-02-23 19:00:12 -0500
Processing by StudentsController#create as HTML
  Parameters: {"utf8"=>"✓", "authenticity_token"=>"mtwAZ6PIIfy/SQqmpifdO3ypQv0AQa3UGUz2a/lwIt2teu5+Qbm8iWyuGju3QAIUQcm7N6L7Ni1tEFxZPZilgA==", "student"=>{"first_name"=>"hannah", "last_name"=>"sevcik"}, "commit"=>"Create Student"}
  [1m[36m (0.1ms)[0m  [1mbegin transaction[0m
  [1m[35mSQL (0.3ms)[0m  INSERT INTO "students" ("first_name", "last_name", "created_at", "updated_at") VALUES (?, ?, ?, ?)  [["first_name", "hannah"], ["last_name", "sevcik"], ["created_at", "2019-02-24 00:00:12.572870"], ["updated_at", "2019-02-24 00:00:12.572870"]]
  [1m[36m (1.1ms)[0m  [1mcommit transaction[0m
Redirected to http://localhost:3000/students/4
Completed 302 Found in 4ms (ActiveRecord: 1.5ms)


Started GET "/students/4" for ::1 at 2019-02-23 19:00:12 -0500
Processing by StudentsController#show as HTML
  Parameters: {"id"=>"4"}
  [1m[35mStudent Load (0.1ms)[0m  SELECT  "students".* FROM "students" WHERE "students"."id" = ? LIMIT 1  [["id", 4]]
  Rendered students/show.html.erb (0.1ms)
Completed 200 OK in 5ms (Views: 4.1ms | ActiveRecord: 0.1ms)


Started GET "/students/index" for ::1 at 2019-02-23 19:00:17 -0500
Processing by StudentsController#show as HTML
  Parameters: {"id"=>"index"}
  [1m[36mStudent Load (0.1ms)[0m  [1mSELECT  "students".* FROM "students" WHERE "students"."id" = ? LIMIT 1[0m  [["id", 0]]
Completed 404 Not Found in 1ms (ActiveRecord: 0.1ms)

ActiveRecord::RecordNotFound (Couldn't find Student with 'id'=index):
  app/controllers/students_controller.rb:14:in `show'


  Rendered /Users/danasevcik/.rvm/gems/ruby-2.3.3/gems/actionpack-4.2.11/lib/action_dispatch/middleware/templates/rescues/_source.erb (4.0ms)
  Rendered /Users/danasevcik/.rvm/gems/ruby-2.3.3/gems/actionpack-4.2.11/lib/action_dispatch/middleware/templates/rescues/_trace.html.erb (1.9ms)
  Rendered /Users/danasevcik/.rvm/gems/ruby-2.3.3/gems/actionpack-4.2.11/lib/action_dispatch/middleware/templates/rescues/_request_and_response.html.erb (1.1ms)
  Rendered /Users/danasevcik/.rvm/gems/ruby-2.3.3/gems/actionpack-4.2.11/lib/action_dispatch/middleware/templates/rescues/diagnostics.html.erb within rescues/layout (58.0ms)


Started GET "/students/index" for ::1 at 2019-02-23 19:00:22 -0500
Processing by StudentsController#show as HTML
  Parameters: {"id"=>"index"}
  [1m[35mStudent Load (0.1ms)[0m  SELECT  "students".* FROM "students" WHERE "students"."id" = ? LIMIT 1  [["id", 0]]
Completed 404 Not Found in 1ms (ActiveRecord: 0.1ms)

ActiveRecord::RecordNotFound (Couldn't find Student with 'id'=index):
  app/controllers/students_controller.rb:14:in `show'


  Rendered /Users/danasevcik/.rvm/gems/ruby-2.3.3/gems/actionpack-4.2.11/lib/action_dispatch/middleware/templates/rescues/_source.erb (2.7ms)
  Rendered /Users/danasevcik/.rvm/gems/ruby-2.3.3/gems/actionpack-4.2.11/lib/action_dispatch/middleware/templates/rescues/_trace.html.erb (1.3ms)
  Rendered /Users/danasevcik/.rvm/gems/ruby-2.3.3/gems/actionpack-4.2.11/lib/action_dispatch/middleware/templates/rescues/_request_and_response.html.erb (1.2ms)
  Rendered /Users/danasevcik/.rvm/gems/ruby-2.3.3/gems/actionpack-4.2.11/lib/action_dispatch/middleware/templates/rescues/diagnostics.html.erb within rescues/layout (55.7ms)


Started GET "/students" for ::1 at 2019-02-23 19:00:27 -0500
Processing by StudentsController#index as HTML
  Rendered students/index.html.erb (0.0ms)
Completed 200 OK in 4ms (Views: 3.7ms | ActiveRecord: 0.0ms)


Started GET "/students/edit" for ::1 at 2019-02-23 19:00:33 -0500
Processing by StudentsController#show as HTML
  Parameters: {"id"=>"edit"}
  [1m[36mStudent Load (0.1ms)[0m  [1mSELECT  "students".* FROM "students" WHERE "students"."id" = ? LIMIT 1[0m  [["id", 0]]
Completed 404 Not Found in 1ms (ActiveRecord: 0.1ms)

ActiveRecord::RecordNotFound (Couldn't find Student with 'id'=edit):
  app/controllers/students_controller.rb:14:in `show'


  Rendered /Users/danasevcik/.rvm/gems/ruby-2.3.3/gems/actionpack-4.2.11/lib/action_dispatch/middleware/templates/rescues/_source.erb (2.9ms)
  Rendered /Users/danasevcik/.rvm/gems/ruby-2.3.3/gems/actionpack-4.2.11/lib/action_dispatch/middleware/templates/rescues/_trace.html.erb (1.3ms)
  Rendered /Users/danasevcik/.rvm/gems/ruby-2.3.3/gems/actionpack-4.2.11/lib/action_dispatch/middleware/templates/rescues/_request_and_response.html.erb (0.9ms)
  Rendered /Users/danasevcik/.rvm/gems/ruby-2.3.3/gems/actionpack-4.2.11/lib/action_dispatch/middleware/templates/rescues/diagnostics.html.erb within rescues/layout (57.2ms)


Started GET "/students/3/edit" for ::1 at 2019-02-23 19:00:38 -0500
Processing by StudentsController#edit as HTML
  Parameters: {"id"=>"3"}
  [1m[35mStudent Load (0.1ms)[0m  SELECT  "students".* FROM "students" WHERE "students"."id" = ? LIMIT 1  [["id", 3]]
  Rendered students/edit.html.erb (1.8ms)
Completed 200 OK in 7ms (Views: 6.2ms | ActiveRecord: 0.1ms)


Started PATCH "/students/3" for ::1 at 2019-02-23 19:00:56 -0500
Processing by StudentsController#update as HTML
  Parameters: {"utf8"=>"✓", "authenticity_token"=>"rQiXn8mvVdvyKp1fJghIEDtQ25ETJzjSdeUooL3kg+WarnmGK97IriHNjcI3b5c/BjAiW7GdoysBuYKSeQwEuA==", "student"=>{"first_name"=>"dana rose", "last_name"=>"sevcik"}, "commit"=>"Update Student", "id"=>"3"}
  [1m[36mStudent Load (0.1ms)[0m  [1mSELECT  "students".* FROM "students" WHERE "students"."id" = ? LIMIT 1[0m  [["id", 3]]
  [1m[35m (0.0ms)[0m  begin transaction
  [1m[36mSQL (0.4ms)[0m  [1mUPDATE "students" SET "first_name" = ?, "updated_at" = ? WHERE "students"."id" = ?[0m  [["first_name", "dana rose"], ["updated_at", "2019-02-24 00:00:56.057242"], ["id", 3]]
  [1m[35m (0.8ms)[0m  commit transaction
Redirected to http://localhost:3000/students/3
Completed 302 Found in 5ms (ActiveRecord: 1.3ms)


Started GET "/students/3" for ::1 at 2019-02-23 19:00:56 -0500
Processing by StudentsController#show as HTML
  Parameters: {"id"=>"3"}
  [1m[36mStudent Load (0.1ms)[0m  [1mSELECT  "students".* FROM "students" WHERE "students"."id" = ? LIMIT 1[0m  [["id", 3]]
  Rendered students/show.html.erb (0.1ms)
Completed 200 OK in 5ms (Views: 4.1ms | ActiveRecord: 0.1ms)


Started GET "/students/3/edit" for ::1 at 2019-02-23 19:01:03 -0500
Processing by StudentsController#edit as HTML
  Parameters: {"id"=>"3"}
  [1m[35mStudent Load (0.1ms)[0m  SELECT  "students".* FROM "students" WHERE "students"."id" = ? LIMIT 1  [["id", 3]]
  Rendered students/edit.html.erb (1.1ms)
Completed 200 OK in 6ms (Views: 5.5ms | ActiveRecord: 0.1ms)


Started GET "/students" for ::1 at 2019-02-23 19:01:09 -0500
Processing by StudentsController#index as HTML
  Rendered students/index.html.erb (0.1ms)
Completed 200 OK in 4ms (Views: 3.4ms | ActiveRecord: 0.0ms)


Started GET "/school_class" for ::1 at 2019-02-23 19:01:12 -0500

ActionController::RoutingError (No route matches [GET] "/school_class"):
  actionpack (4.2.11) lib/action_dispatch/middleware/debug_exceptions.rb:21:in `call'
  actionpack (4.2.11) lib/action_dispatch/middleware/show_exceptions.rb:30:in `call'
  railties (4.2.11) lib/rails/rack/logger.rb:38:in `call_app'
  railties (4.2.11) lib/rails/rack/logger.rb:20:in `block in call'
  activesupport (4.2.11) lib/active_support/tagged_logging.rb:68:in `block in tagged'
  activesupport (4.2.11) lib/active_support/tagged_logging.rb:26:in `tagged'
  activesupport (4.2.11) lib/active_support/tagged_logging.rb:68:in `tagged'
  railties (4.2.11) lib/rails/rack/logger.rb:20:in `call'
  actionpack (4.2.11) lib/action_dispatch/middleware/request_id.rb:21:in `call'
  rack (1.6.11) lib/rack/methodoverride.rb:22:in `call'
  rack (1.6.11) lib/rack/runtime.rb:18:in `call'
  activesupport (4.2.11) lib/active_support/cache/strategy/local_cache_middleware.rb:28:in `call'
  rack (1.6.11) lib/rack/lock.rb:17:in `call'
  actionpack (4.2.11) lib/action_dispatch/middleware/static.rb:120:in `call'
  rack (1.6.11) lib/rack/sendfile.rb:113:in `call'
  railties (4.2.11) lib/rails/engine.rb:518:in `call'
  railties (4.2.11) lib/rails/application.rb:165:in `call'
  rack (1.6.11) lib/rack/lock.rb:17:in `call'
  rack (1.6.11) lib/rack/content_length.rb:15:in `call'
  rack (1.6.11) lib/rack/handler/webrick.rb:88:in `service'
  /Users/danasevcik/.rvm/rubies/ruby-2.3.3/lib/ruby/2.3.0/webrick/httpserver.rb:140:in `service'
  /Users/danasevcik/.rvm/rubies/ruby-2.3.3/lib/ruby/2.3.0/webrick/httpserver.rb:96:in `run'
  /Users/danasevcik/.rvm/rubies/ruby-2.3.3/lib/ruby/2.3.0/webrick/server.rb:296:in `block in start_thread'


  Rendered /Users/danasevcik/.rvm/gems/ruby-2.3.3/gems/actionpack-4.2.11/lib/action_dispatch/middleware/templates/rescues/_trace.html.erb (1.2ms)
  Rendered /Users/danasevcik/.rvm/gems/ruby-2.3.3/gems/actionpack-4.2.11/lib/action_dispatch/middleware/templates/routes/_route.html.erb (0.8ms)
  Rendered /Users/danasevcik/.rvm/gems/ruby-2.3.3/gems/actionpack-4.2.11/lib/action_dispatch/middleware/templates/routes/_table.html.erb (2.0ms)
  Rendered /Users/danasevcik/.rvm/gems/ruby-2.3.3/gems/actionpack-4.2.11/lib/action_dispatch/middleware/templates/rescues/_request_and_response.html.erb (1.0ms)
  Rendered /Users/danasevcik/.rvm/gems/ruby-2.3.3/gems/actionpack-4.2.11/lib/action_dispatch/middleware/templates/rescues/routing_error.html.erb within rescues/layout (80.6ms)


Started GET "/schoolclass" for ::1 at 2019-02-23 19:01:18 -0500

ActionController::RoutingError (No route matches [GET] "/schoolclass"):
  actionpack (4.2.11) lib/action_dispatch/middleware/debug_exceptions.rb:21:in `call'
  actionpack (4.2.11) lib/action_dispatch/middleware/show_exceptions.rb:30:in `call'
  railties (4.2.11) lib/rails/rack/logger.rb:38:in `call_app'
  railties (4.2.11) lib/rails/rack/logger.rb:20:in `block in call'
  activesupport (4.2.11) lib/active_support/tagged_logging.rb:68:in `block in tagged'
  activesupport (4.2.11) lib/active_support/tagged_logging.rb:26:in `tagged'
  activesupport (4.2.11) lib/active_support/tagged_logging.rb:68:in `tagged'
  railties (4.2.11) lib/rails/rack/logger.rb:20:in `call'
  actionpack (4.2.11) lib/action_dispatch/middleware/request_id.rb:21:in `call'
  rack (1.6.11) lib/rack/methodoverride.rb:22:in `call'
  rack (1.6.11) lib/rack/runtime.rb:18:in `call'
  activesupport (4.2.11) lib/active_support/cache/strategy/local_cache_middleware.rb:28:in `call'
  rack (1.6.11) lib/rack/lock.rb:17:in `call'
  actionpack (4.2.11) lib/action_dispatch/middleware/static.rb:120:in `call'
  rack (1.6.11) lib/rack/sendfile.rb:113:in `call'
  railties (4.2.11) lib/rails/engine.rb:518:in `call'
  railties (4.2.11) lib/rails/application.rb:165:in `call'
  rack (1.6.11) lib/rack/lock.rb:17:in `call'
  rack (1.6.11) lib/rack/content_length.rb:15:in `call'
  rack (1.6.11) lib/rack/handler/webrick.rb:88:in `service'
  /Users/danasevcik/.rvm/rubies/ruby-2.3.3/lib/ruby/2.3.0/webrick/httpserver.rb:140:in `service'
  /Users/danasevcik/.rvm/rubies/ruby-2.3.3/lib/ruby/2.3.0/webrick/httpserver.rb:96:in `run'
  /Users/danasevcik/.rvm/rubies/ruby-2.3.3/lib/ruby/2.3.0/webrick/server.rb:296:in `block in start_thread'


  Rendered /Users/danasevcik/.rvm/gems/ruby-2.3.3/gems/actionpack-4.2.11/lib/action_dispatch/middleware/templates/rescues/_trace.html.erb (1.3ms)
  Rendered /Users/danasevcik/.rvm/gems/ruby-2.3.3/gems/actionpack-4.2.11/lib/action_dispatch/middleware/templates/routes/_route.html.erb (1.4ms)
  Rendered /Users/danasevcik/.rvm/gems/ruby-2.3.3/gems/actionpack-4.2.11/lib/action_dispatch/middleware/templates/routes/_table.html.erb (0.9ms)
  Rendered /Users/danasevcik/.rvm/gems/ruby-2.3.3/gems/actionpack-4.2.11/lib/action_dispatch/middleware/templates/rescues/_request_and_response.html.erb (0.8ms)
  Rendered /Users/danasevcik/.rvm/gems/ruby-2.3.3/gems/actionpack-4.2.11/lib/action_dispatch/middleware/templates/rescues/routing_error.html.erb within rescues/layout (73.1ms)


Started GET "/school_classes" for ::1 at 2019-02-23 19:01:34 -0500
Processing by SchoolClassesController#index as HTML
  Rendered school_classes/index.html.erb (0.2ms)
Completed 200 OK in 7ms (Views: 6.1ms | ActiveRecord: 0.0ms)


Started GET "/school_classes/new" for ::1 at 2019-02-23 19:01:38 -0500
Processing by SchoolClassesController#new as HTML
  Rendered school_classes/new.html.erb (2.4ms)
Completed 200 OK in 11ms (Views: 6.3ms | ActiveRecord: 0.2ms)


Started POST "/school_classes" for ::1 at 2019-02-23 19:04:30 -0500
Processing by SchoolClassesController#create as HTML
  Parameters: {"utf8"=>"✓", "authenticity_token"=>"ZriK4JOsRvUC8bmzb0wrkiLs9SPJMjfDxEh6bGBWkIZRHmT5cd3bgNEWqS5+K/S9H4wM6WuIrDqwFNBepL4X2w==", "school_class"=>{"title"=>"environmental science", "room_number"=>"3"}, "commit"=>"Create School class"}
  [1m[36m (0.1ms)[0m  [1mbegin transaction[0m
  [1m[35mSQL (0.4ms)[0m  INSERT INTO "school_classes" ("title", "room_number", "created_at", "updated_at") VALUES (?, ?, ?, ?)  [["title", "environmental science"], ["room_number", 3], ["created_at", "2019-02-24 00:04:30.606199"], ["updated_at", "2019-02-24 00:04:30.606199"]]
  [1m[36m (0.9ms)[0m  [1mcommit transaction[0m
Redirected to http://localhost:3000/school_classes/1
Completed 302 Found in 5ms (ActiveRecord: 1.4ms)


Started GET "/school_classes/1" for ::1 at 2019-02-23 19:04:30 -0500
Processing by SchoolClassesController#show as HTML
  Parameters: {"id"=>"1"}
  [1m[35mSchoolClass Load (0.1ms)[0m  SELECT  "school_classes".* FROM "school_classes" WHERE "school_classes"."id" = ? LIMIT 1  [["id", 1]]
  Rendered school_classes/show.html.erb (0.3ms)
Completed 200 OK in 6ms (Views: 4.4ms | ActiveRecord: 0.1ms)


Started GET "/school_classes/1/edit" for ::1 at 2019-02-23 19:04:35 -0500
Processing by SchoolClassesController#edit as HTML
  Parameters: {"id"=>"1"}
  [1m[36mSchoolClass Load (0.1ms)[0m  [1mSELECT  "school_classes".* FROM "school_classes" WHERE "school_classes"."id" = ? LIMIT 1[0m  [["id", 1]]
  Rendered school_classes/edit.html.erb (1.6ms)
Completed 200 OK in 6ms (Views: 5.7ms | ActiveRecord: 0.1ms)


Started PATCH "/school_classes/1" for ::1 at 2019-02-23 19:04:43 -0500
Processing by SchoolClassesController#update as HTML
  Parameters: {"utf8"=>"✓", "authenticity_token"=>"OefN/+gYh+uRPXKpsk9c4D0a/748hj5hTjE3y8BPAr0OQSPmCmkankLaYjSjKIPPAHoGdJ48pZg6bZ35BKeF4A==", "school_class"=>{"title"=>"environmental science", "room_number"=>"4"}, "commit"=>"Update School class", "id"=>"1"}
  [1m[35mSchoolClass Load (0.1ms)[0m  SELECT  "school_classes".* FROM "school_classes" WHERE "school_classes"."id" = ? LIMIT 1  [["id", 1]]
  [1m[36m (0.1ms)[0m  [1mbegin transaction[0m
  [1m[35mSQL (0.4ms)[0m  UPDATE "school_classes" SET "room_number" = ?, "updated_at" = ? WHERE "school_classes"."id" = ?  [["room_number", 4], ["updated_at", "2019-02-24 00:04:43.711403"], ["id", 1]]
  [1m[36m (0.8ms)[0m  [1mcommit transaction[0m
Redirected to http://localhost:3000/school_classes/1
Completed 302 Found in 5ms (ActiveRecord: 1.3ms)


Started GET "/school_classes/1" for ::1 at 2019-02-23 19:04:43 -0500
Processing by SchoolClassesController#show as HTML
  Parameters: {"id"=>"1"}
  [1m[35mSchoolClass Load (0.1ms)[0m  SELECT  "school_classes".* FROM "school_classes" WHERE "school_classes"."id" = ? LIMIT 1  [["id", 1]]
  Rendered school_classes/show.html.erb (0.1ms)
Completed 200 OK in 4ms (Views: 3.7ms | ActiveRecord: 0.1ms)
